<?xml version="1.0" encoding="utf-8"?><testsuites name="pytest tests"><testsuite name="pytest" errors="0" failures="0" skipped="0" tests="23" time="2.418" timestamp="2026-08-10T18:01:49.429363+00:00" hostname="agent-env-e019e013-db60-4a95-ac5c-dd4b86de0eea"><testcase classname="tests.backend_test.TestHealthAndProducts" name="test_health" time="0.254" /><testcase classname="tests.backend_test.TestOtp" name="test_otp_invalid_mobile_short" time="0.264" /><testcase classname="tests.backend_test.TestHealthAndProducts" name="test_list_products" time="0.068" /><testcase classname="tests.backend_test.TestOtp" name="test_otp_invalid_mobile_non_numeric" time="0.103" /><testcase classname="tests.backend_test.TestHealthAndProducts" name="test_list_products_filter" time="0.074" /><testcase classname="tests.backend_test.TestOtp" name="test_otp_request_mock_returns_code" time="0.058" /><testcase classname="tests.backend_test.TestHealthAndProducts" name="test_get_product_by_slug" time="0.108" /><testcase classname="tests.backend_test.TestOtp" name="test_otp_verify_wrong_code" time="0.107" /><testcase classname="tests.backend_test.TestHealthAndProducts" name="test_get_product_not_found" time="0.062" /><testcase classname="tests.backend_test.TestOtp" name="test_otp_verify_success_returns_token" time="0.106" /><testcase classname="tests.backend_test.TestMe" name="test_me_no_token" time="0.054" /><testcase classname="tests.backend_test.TestOrders" name="test_razorpay_mock_order_and_verify" time="0.563" /><testcase classname="tests.backend_test.TestMe" name="test_me_user" time="0.182" /><testcase classname="tests.backend_test.TestMe" name="test_me_admin" time="0.122" /><testcase classname="tests.backend_test.TestAdminLogin" name="test_admin_success" time="0.000" /><testcase classname="tests.backend_test.TestAdminLogin" name="test_admin_wrong" time="0.098" /><testcase classname="tests.backend_test.TestAdminProducts" name="test_create_update_delete" time="0.201" /><testcase classname="tests.backend_test.TestOrders" name="test_cod_order_and_confirm" time="0.318" /><testcase classname="tests.backend_test.TestAdminProducts" name="test_non_admin_forbidden" time="0.064" /><testcase classname="tests.backend_test.TestAddresses" name="test_create_and_list_and_delete" time="0.182" /><testcase classname="tests.backend_test.TestOrders" name="test_my_orders_list" time="0.066" /><testcase classname="tests.backend_test.TestOrders" name="test_admin_orders_and_status_update_and_stats" time="0.249" /><testcase classname="tests.backend_test.TestOrders" name="test_admin_only_for_admin_endpoints" time="0.063" /></testsuite></testsuites>